rm: cannot remove ‘/mnt/beegfs_bsl/tools/ExtractTools/CB_POS_TRANSACTIONS/logs/20190523’: No such file or directory
CB_POS_TRANSACTIONS
hive -hivevar DATA_NAMESPACE=stg_gen -hivevar DATA_PATH=/FlareData/output_8 -f /mnt/beegfs_bsl/Deployment/DEV/output/CB_POS_TRANSACTIONS/CB_POS_TRANSACTIONS.hql
log4j:WARN No such property [maxFileSize] in org.apache.log4j.DailyRollingFileAppender.

Logging initialized using configuration in file:/etc/hive/2.6.1.0-129/0/hive-log4j.properties
OK
Time taken: 2.653 seconds
OK
Time taken: 0.098 seconds
OK
Time taken: 0.113 seconds
OK
Time taken: 0.307 seconds
OK
Time taken: 0.289 seconds
OK
Time taken: 0.081 seconds
OK
Time taken: 0.067 seconds
work on anum: 
starting command: bash /home/daasuser/JDBC_Tool/JDBCExtract.scala --configFile /mnt/beegfs_bsl/tools/ExtractTools/CB_POS_TRANSACTIONS/config.properties --sqlFile /mnt/beegfs_bsl/tools/ExtractTools/CB_POS_TRANSACTIONS/query_template.sql --outputFile /mnt/beegfs_bsl/tools/ExtractTools/CB_POS_TRANSACTIONS/tmp/20190721/.20190721_CB_POS_TRANSACTIONS_0.gz --delimiter | --kvTemplate ${MSSDN}=0
work on anum: 
starting command: bash /home/daasuser/JDBC_Tool/JDBCExtract.scala --configFile /mnt/beegfs_bsl/tools/ExtractTools/CB_POS_TRANSACTIONS/config.properties --sqlFile /mnt/beegfs_bsl/tools/ExtractTools/CB_POS_TRANSACTIONS/query_template.sql --outputFile /mnt/beegfs_bsl/tools/ExtractTools/CB_POS_TRANSACTIONS/tmp/20190721/.20190721_CB_POS_TRANSACTIONS_1.gz --delimiter | --kvTemplate ${MSSDN}=1
work on anum: 
starting command: bash /home/daasuser/JDBC_Tool/JDBCExtract.scala --configFile /mnt/beegfs_bsl/tools/ExtractTools/CB_POS_TRANSACTIONS/config.properties --sqlFile /mnt/beegfs_bsl/tools/ExtractTools/CB_POS_TRANSACTIONS/query_template.sql --outputFile /mnt/beegfs_bsl/tools/ExtractTools/CB_POS_TRANSACTIONS/tmp/20190721/.20190721_CB_POS_TRANSACTIONS_2.gz --delimiter | --kvTemplate ${MSSDN}=2
work on anum: 
starting command: bash /home/daasuser/JDBC_Tool/JDBCExtract.scala --configFile /mnt/beegfs_bsl/tools/ExtractTools/CB_POS_TRANSACTIONS/config.properties --sqlFile /mnt/beegfs_bsl/tools/ExtractTools/CB_POS_TRANSACTIONS/query_template.sql --outputFile /mnt/beegfs_bsl/tools/ExtractTools/CB_POS_TRANSACTIONS/tmp/20190721/.20190721_CB_POS_TRANSACTIONS_3.gz --delimiter | --kvTemplate ${MSSDN}=3
work on anum: 
starting command: bash /home/daasuser/JDBC_Tool/JDBCExtract.scala --configFile /mnt/beegfs_bsl/tools/ExtractTools/CB_POS_TRANSACTIONS/config.properties --sqlFile /mnt/beegfs_bsl/tools/ExtractTools/CB_POS_TRANSACTIONS/query_template.sql --outputFile /mnt/beegfs_bsl/tools/ExtractTools/CB_POS_TRANSACTIONS/tmp/20190721/.20190721_CB_POS_TRANSACTIONS_4.gz --delimiter | --kvTemplate ${MSSDN}=4
work on anum: 
starting command: bash /home/daasuser/JDBC_Tool/JDBCExtract.scala --configFile /mnt/beegfs_bsl/tools/ExtractTools/CB_POS_TRANSACTIONS/config.properties --sqlFile /mnt/beegfs_bsl/tools/ExtractTools/CB_POS_TRANSACTIONS/query_template.sql --outputFile /mnt/beegfs_bsl/tools/ExtractTools/CB_POS_TRANSACTIONS/tmp/20190721/.20190721_CB_POS_TRANSACTIONS_5.gz --delimiter | --kvTemplate ${MSSDN}=5
work on anum: 
starting command: bash /home/daasuser/JDBC_Tool/JDBCExtract.scala --configFile /mnt/beegfs_bsl/tools/ExtractTools/CB_POS_TRANSACTIONS/config.properties --sqlFile /mnt/beegfs_bsl/tools/ExtractTools/CB_POS_TRANSACTIONS/query_template.sql --outputFile /mnt/beegfs_bsl/tools/ExtractTools/CB_POS_TRANSACTIONS/tmp/20190721/.20190721_CB_POS_TRANSACTIONS_6.gz --delimiter | --kvTemplate ${MSSDN}=6
work on anum: 
starting command: bash /home/daasuser/JDBC_Tool/JDBCExtract.scala --configFile /mnt/beegfs_bsl/tools/ExtractTools/CB_POS_TRANSACTIONS/config.properties --sqlFile /mnt/beegfs_bsl/tools/ExtractTools/CB_POS_TRANSACTIONS/query_template.sql --outputFile /mnt/beegfs_bsl/tools/ExtractTools/CB_POS_TRANSACTIONS/tmp/20190721/.20190721_CB_POS_TRANSACTIONS_7.gz --delimiter | --kvTemplate ${MSSDN}=7
work on anum: 
starting command: bash /home/daasuser/JDBC_Tool/JDBCExtract.scala --configFile /mnt/beegfs_bsl/tools/ExtractTools/CB_POS_TRANSACTIONS/config.properties --sqlFile /mnt/beegfs_bsl/tools/ExtractTools/CB_POS_TRANSACTIONS/query_template.sql --outputFile /mnt/beegfs_bsl/tools/ExtractTools/CB_POS_TRANSACTIONS/tmp/20190721/.20190721_CB_POS_TRANSACTIONS_8.gz --delimiter | --kvTemplate ${MSSDN}=8
work on anum: 
starting command: bash /home/daasuser/JDBC_Tool/JDBCExtract.scala --configFile /mnt/beegfs_bsl/tools/ExtractTools/CB_POS_TRANSACTIONS/config.properties --sqlFile /mnt/beegfs_bsl/tools/ExtractTools/CB_POS_TRANSACTIONS/query_template.sql --outputFile /mnt/beegfs_bsl/tools/ExtractTools/CB_POS_TRANSACTIONS/tmp/20190721/.20190721_CB_POS_TRANSACTIONS_9.gz --delimiter | --kvTemplate ${MSSDN}=9
mv: cannot move ‘/mnt/beegfs_bsl/tools/ExtractTools/CB_POS_TRANSACTIONS/tmp/20190721’ to ‘/mnt/beegfs_bsl/live/DB_extract_lz/CB_POS_TRANSACTIONS/incoming/20190721’: File exists
hi
bash: /mnt/beegfs/tools/JsonBuilder/JsonBuilder.scala: No such file or directory
cat: /mnt/beegfs/tools/Crontab/Scripts/email.dat: No such file or directory
rm: cannot remove ‘/mnt/beegfs_bsl/tools/ExtractTools/CB_RETAIL_OUTLETS/logs/20190523’: No such file or directory
/nas/share05/tools/ExtractTools/CB_RETAIL_OUTLETS/CB_RETAIL_OUTLETS.sh: line 16: /mnt/beegfs/tools/Crontab/logs/general_logs/20190722/genral_logs_20190722.log: No such file or directory
CB_RETAIL_OUTLETS
hive -hivevar DATA_NAMESPACE=stg_gen -hivevar DATA_PATH=/FlareData/output_8 -f /mnt/beegfs_bsl/Deployment/DEV/output/CB_RETAIL_OUTLETS/CB_RETAIL_OUTLETS.hql
log4j:WARN No such property [maxFileSize] in org.apache.log4j.DailyRollingFileAppender.

Logging initialized using configuration in file:/etc/hive/2.6.1.0-129/0/hive-log4j.properties
OK
Time taken: 2.77 seconds
OK
Time taken: 0.403 seconds
OK
Time taken: 0.378 seconds
starting command: bash /home/daasuser/JDBC_Tool/JDBCExtract.scala --configFile /mnt/beegfs_bsl/tools/ExtractTools/CB_RETAIL_OUTLETS/config.properties --sqlFile /mnt/beegfs_bsl/tools/ExtractTools/CB_RETAIL_OUTLETS/query_template.sql --outputFile /mnt/beegfs_bsl/tools/ExtractTools/CB_RETAIL_OUTLETS/tmp/20190721/.20190721_AYA_CB_RETAIL_OUTLETS.gz --delimiter | --kvTemplate ${DATE}=20190721
mv: cannot move ‘/mnt/beegfs_bsl/tools/ExtractTools/CB_RETAIL_OUTLETS/tmp/20190721’ to ‘/mnt/beegfs_bsl/live/DB_extract_lz/CB_RETAIL_OUTLETS/incoming/20190721’: File exists
bash: /mnt/beegfs/tools/JsonBuilder/JsonBuilder.scala: No such file or directory
cat: /mnt/beegfs/tools/Crontab/Scripts/email.dat: No such file or directory
rm: cannot remove ‘/mnt/beegfs_bsl/tools/ExtractTools/CB_RETAIL_OUTLETS/logs/20190523’: No such file or directory
/nas/share05/tools/ExtractTools/BUDGET_PERIOD_AMOUNT/BUDGET_PERIOD_AMOUNT.sh: line 16: /mnt/beegfs/tools/Crontab/logs/general_logs/20190722/genral_logs_20190722.log: No such file or directory
BUDGET_PERIOD_AMOUNT
hive -hivevar DATA_NAMESPACE=stg_gen -hivevar DATA_PATH=/FlareData/output_8 -f /mnt/beegfs_bsl/Deployment/DEV/output/BUDGET_PERIOD_AMOUNT/BUDGET_PERIOD_AMOUNT.hql
log4j:WARN No such property [maxFileSize] in org.apache.log4j.DailyRollingFileAppender.

Logging initialized using configuration in file:/etc/hive/2.6.1.0-129/0/hive-log4j.properties
OK
Time taken: 3.196 seconds
OK
Time taken: 0.214 seconds
OK
Time taken: 0.671 seconds
starting command: bash /home/daasuser/JDBC_Tool/JDBCExtract.scala --configFile /mnt/beegfs_bsl/tools/ExtractTools/BUDGET_PERIOD_AMOUNT/config.properties --sqlFile /mnt/beegfs_bsl/tools/ExtractTools/BUDGET_PERIOD_AMOUNT/query_template.sql --outputFile /mnt/beegfs_bsl/tools/ExtractTools/BUDGET_PERIOD_AMOUNT/tmp/20190721/.20190721_BUDGET_PERIOD_AMOUNT.gz --delimiter | --kvTemplate ${DATE}=20190721
mv: cannot move ‘/mnt/beegfs_bsl/tools/ExtractTools/BUDGET_PERIOD_AMOUNT/tmp/20190721’ to ‘/mnt/beegfs_bsl/live/DB_extract_lz/BUDGET_PERIOD_AMOUNT/incoming/20190721’: File exists
hi
cat: /mnt/beegfs/tools/Crontab/Scripts/email.dat: No such file or directory
rm: cannot remove ‘/mnt/beegfs_bsl/tools/ExtractTools/CORPORATE_FORM/logs/20190523’: No such file or directory
/nas/share05/tools/ExtractTools/CORPORATE_FORM/CORPORATE_FORM.sh: line 16: /mnt/beegfs/tools/Crontab/logs/general_logs/20190722/genral_logs_20190722.log: No such file or directory
CORPORATE_FORM
hive -hivevar DATA_NAMESPACE=stg_gen -hivevar DATA_PATH=/FlareData/output_8 -f /mnt/beegfs_bsl/Deployment/DEV/output/CORPORATE_FORM/CORPORATE_FORM.hql
log4j:WARN No such property [maxFileSize] in org.apache.log4j.DailyRollingFileAppender.

Logging initialized using configuration in file:/etc/hive/2.6.1.0-129/0/hive-log4j.properties
OK
Time taken: 2.827 seconds
OK
Time taken: 0.225 seconds
OK
Time taken: 0.469 seconds
starting command: bash /home/daasuser/JDBC_Tool/JDBCExtract.scala --configFile /mnt/beegfs_bsl/tools/ExtractTools/CORPORATE_FORM/config.properties --sqlFile /mnt/beegfs_bsl/tools/ExtractTools/CORPORATE_FORM/query_template.sql --outputFile /mnt/beegfs_bsl/tools/ExtractTools/CORPORATE_FORM/tmp/20190721/.20190721_CORPORATE_FORM.gz --delimiter | --kvTemplate ${DATE}=20190721
mv: cannot move ‘/mnt/beegfs_bsl/tools/ExtractTools/CORPORATE_FORM/tmp/20190721’ to ‘/mnt/beegfs_bsl/live/DB_extract_lz/CORPORATE_FORM/incoming/20190721’: File exists
hi
cat: /mnt/beegfs/tools/Crontab/Scripts/email.dat: No such file or directory
rm: cannot remove ‘/mnt/beegfs_bsl/tools/ExtractTools/CUST_ORD_CUSTOMER_ENT/logs/20190523’: No such file or directory
/nas/share05/tools/ExtractTools/CUST_ORD_CUSTOMER_ENT/CUST_ORD_CUSTOMER_ENT.sh: line 16: /mnt/beegfs/tools/Crontab/logs/general_logs/20190722/genral_logs_20190722.log: No such file or directory
CUST_ORD_CUSTOMER_ENT
hive -hivevar DATA_NAMESPACE=stg_gen -hivevar DATA_PATH=/FlareData/output_8 -f /mnt/beegfs_bsl/Deployment/DEV/output/CUST_ORD_CUSTOMER_ENT/CUST_ORD_CUSTOMER_ENT.hql
log4j:WARN No such property [maxFileSize] in org.apache.log4j.DailyRollingFileAppender.

Logging initialized using configuration in file:/etc/hive/2.6.1.0-129/0/hive-log4j.properties
OK
Time taken: 2.946 seconds
OK
Time taken: 0.223 seconds
OK
Time taken: 0.363 seconds
starting command: bash /home/daasuser/JDBC_Tool/JDBCExtract.scala --configFile /mnt/beegfs_bsl/tools/ExtractTools/CUST_ORD_CUSTOMER_ENT/config.properties --sqlFile /mnt/beegfs_bsl/tools/ExtractTools/CUST_ORD_CUSTOMER_ENT/query_template.sql --outputFile /mnt/beegfs_bsl/tools/ExtractTools/CUST_ORD_CUSTOMER_ENT/tmp/20190721/.20190721_CUST_ORD_CUSTOMER_ENT.gz --delimiter | --kvTemplate ${DATE}=20190721
mv: cannot move ‘/mnt/beegfs_bsl/tools/ExtractTools/CUST_ORD_CUSTOMER_ENT/tmp/20190721’ to ‘/mnt/beegfs_bsl/live/DB_extract_lz/CUST_ORD_CUSTOMER_ENT/incoming/20190721’: File exists
hi
cat: /mnt/beegfs/tools/Crontab/Scripts/email.dat: No such file or directory
rm: cannot remove ‘/mnt/beegfs_bsl/tools/ExtractTools/CUSTOMER_ORDER_TYPE/logs/20190523’: No such file or directory
/nas/share05/tools/ExtractTools/CUSTOMER_ORDER_TYPE/CUSTOMER_ORDER_TYPE.sh: line 16: /mnt/beegfs/tools/Crontab/logs/general_logs/20190722/genral_logs_20190722.log: No such file or directory
CUST_ORDER_TYPE
hive -hivevar DATA_NAMESPACE=stg_gen -hivevar DATA_PATH=/FlareData/output_8 -f /mnt/beegfs_bsl/Deployment/DEV/output/CUST_ORDER_TYPE/CUST_ORDER_TYPE.hql
log4j:WARN No such property [maxFileSize] in org.apache.log4j.DailyRollingFileAppender.

Logging initialized using configuration in file:/etc/hive/2.6.1.0-129/0/hive-log4j.properties
OK
Time taken: 3.298 seconds
OK
Time taken: 0.336 seconds
OK
Time taken: 0.635 seconds
starting command: bash /home/daasuser/JDBC_Tool/JDBCExtract.scala --configFile /mnt/beegfs_bsl/tools/ExtractTools/CUSTOMER_ORDER_TYPE/config.properties --sqlFile /mnt/beegfs_bsl/tools/ExtractTools/CUSTOMER_ORDER_TYPE/query_template.sql --outputFile /mnt/beegfs_bsl/tools/ExtractTools/CUSTOMER_ORDER_TYPE/tmp/20190721/.20190721_CUSTOMER_ORDER_TYPE.gz --delimiter | --kvTemplate ${DATE}=20190721
mv: cannot move ‘/mnt/beegfs_bsl/tools/ExtractTools/CUSTOMER_ORDER_TYPE/tmp/20190721’ to ‘/mnt/beegfs_bsl/live/DB_extract_lz/CUST_ORDER_TYPE/incoming/20190721’: File exists
hi
cat: /mnt/beegfs/tools/Crontab/Scripts/email.dat: No such file or directory
rm: cannot remove ‘/mnt/beegfs_bsl/tools/ExtractTools/CUSTOMER_CREDIT_INFO/logs/20190523’: No such file or directory
/nas/share05/tools/ExtractTools/CUSTOMER_CREDIT_INFO/CUSTOMER_CREDIT_INFO.sh: line 16: /mnt/beegfs/tools/Crontab/logs/general_logs/20190722/genral_logs_20190722.log: No such file or directory
CUSTOMER_CREDIT_INFO
hive -hivevar DATA_NAMESPACE=stg_gen -hivevar DATA_PATH=/FlareData/output_8 -f /mnt/beegfs_bsl/Deployment/DEV/output/CUSTOMER_CREDIT_INFO/CUSTOMER_CREDIT_INFO.hql
log4j:WARN No such property [maxFileSize] in org.apache.log4j.DailyRollingFileAppender.

Logging initialized using configuration in file:/etc/hive/2.6.1.0-129/0/hive-log4j.properties
OK
Time taken: 2.787 seconds
OK
Time taken: 0.277 seconds
OK
Time taken: 0.534 seconds
starting command: bash /home/daasuser/JDBC_Tool/JDBCExtract.scala --configFile /mnt/beegfs_bsl/tools/ExtractTools/CUSTOMER_CREDIT_INFO/config.properties --sqlFile /mnt/beegfs_bsl/tools/ExtractTools/CUSTOMER_CREDIT_INFO/query_template.sql --outputFile /mnt/beegfs_bsl/tools/ExtractTools/CUSTOMER_CREDIT_INFO/tmp/20190721/.20190721_CUSTOMER_CREDIT_INFO.gz --delimiter | --kvTemplate ${DATE}=20190721
mv: cannot move ‘/mnt/beegfs_bsl/tools/ExtractTools/CUSTOMER_CREDIT_INFO/tmp/20190721’ to ‘/mnt/beegfs_bsl/live/DB_extract_lz/CUSTOMER_CREDIT_INFO/incoming/20190721’: File exists
hi
cat: /mnt/beegfs/tools/Crontab/Scripts/email.dat: No such file or directory
rm: cannot remove ‘/mnt/beegfs_bsl/tools/ExtractTools/CUSTOMER_DETAILS/logs/20190523’: No such file or directory
/nas/share05/tools/ExtractTools/CUSTOMER_DETAILS/CUSTOMER_DETAILS.sh: line 16: /mnt/beegfs/tools/Crontab/logs/general_logs/20190722/genral_logs_20190722.log: No such file or directory
CUSTOMER_DETAILS
hive -hivevar DATA_NAMESPACE=stg_gen -hivevar DATA_PATH=/FlareData/output_8 -f /mnt/beegfs_bsl/Deployment/DEV/output/CUSTOMER_DETAILS/CUSTOMER_DETAILS.hql
log4j:WARN No such property [maxFileSize] in org.apache.log4j.DailyRollingFileAppender.

Logging initialized using configuration in file:/etc/hive/2.6.1.0-129/0/hive-log4j.properties
OK
Time taken: 2.741 seconds
OK
Time taken: 0.243 seconds
OK
Time taken: 0.513 seconds
starting command: bash /home/daasuser/JDBC_Tool/JDBCExtract.scala --configFile /mnt/beegfs_bsl/tools/ExtractTools/CUSTOMER_DETAILS/config.properties --sqlFile /mnt/beegfs_bsl/tools/ExtractTools/CUSTOMER_DETAILS/query_template.sql --outputFile /mnt/beegfs_bsl/tools/ExtractTools/CUSTOMER_DETAILS/tmp/20190721/.20190721_CUSTOMER_DETAILS.gz --delimiter | --kvTemplate ${DATE}=20190721
mv: cannot move ‘/mnt/beegfs_bsl/tools/ExtractTools/CUSTOMER_DETAILS/tmp/20190721’ to ‘/mnt/beegfs_bsl/live/DB_extract_lz/CUSTOMER_DETAILS/incoming/20190721’: File exists
hi
cat: /mnt/beegfs/tools/Crontab/Scripts/email.dat: No such file or directory
rm: cannot remove ‘/mnt/beegfs_bsl/tools/ExtractTools/CUSTOMER_GROUP/logs/20190523’: No such file or directory
/nas/share05/tools/ExtractTools/CUSTOMER_GROUP/CUSTOMER_GROUP.sh: line 16: /mnt/beegfs/tools/Crontab/logs/general_logs/20190722/genral_logs_20190722.log: No such file or directory
CUSTOMER_GROUP
hive -hivevar DATA_NAMESPACE=stg_gen -hivevar DATA_PATH=/FlareData/output_8 -f /mnt/beegfs_bsl/Deployment/DEV/output/CUSTOMER_GROUP/CUSTOMER_GROUP.hql
log4j:WARN No such property [maxFileSize] in org.apache.log4j.DailyRollingFileAppender.

Logging initialized using configuration in file:/etc/hive/2.6.1.0-129/0/hive-log4j.properties
OK
Time taken: 2.415 seconds
OK
Time taken: 0.293 seconds
OK
Time taken: 0.407 seconds
starting command: bash /home/daasuser/JDBC_Tool/JDBCExtract.scala --configFile /mnt/beegfs_bsl/tools/ExtractTools/CUSTOMER_GROUP/config.properties --sqlFile /mnt/beegfs_bsl/tools/ExtractTools/CUSTOMER_GROUP/query_template.sql --outputFile /mnt/beegfs_bsl/tools/ExtractTools/CUSTOMER_GROUP/tmp/20190721/.20190721_CUSTOMER_GROUP.gz --delimiter | --kvTemplate ${DATE}=20190721
mv: cannot move ‘/mnt/beegfs_bsl/tools/ExtractTools/CUSTOMER_GROUP/tmp/20190721’ to ‘/mnt/beegfs_bsl/live/DB_extract_lz/CUSTOMER_GROUP/incoming/20190721’: File exists
hi
rm: cannot remove ‘/mnt/beegfs_bsl/tools/ExtractTools/CUSTOMER_COMM_INFO_METHOD/logs/20190523’: No such file or directory
/nas/share05/tools/ExtractTools/CUSTOMER_COMM_INFO_METHOD/CUSTOMER_COMM_INFO_METHOD.sh: line 16: /nas/share05/tools/Crontab/logs/general_logs/20190722/genral_logs_20190722.log: No such file or directory
CUSTOMER_INFO_COMM_METHOD
hive -hivevar DATA_NAMESPACE=stg_gen -hivevar DATA_PATH=/FlareData/output_8 -f /mnt/beegfs_bsl/Deployment/DEV/output/CUSTOMER_INFO_COMM_METHOD/CUSTOMER_INFO_COMM_METHOD.hql
log4j:WARN No such property [maxFileSize] in org.apache.log4j.DailyRollingFileAppender.

Logging initialized using configuration in file:/etc/hive/2.6.1.0-129/0/hive-log4j.properties
OK
Time taken: 2.699 seconds
OK
Time taken: 0.209 seconds
OK
Time taken: 0.372 seconds
starting command: bash /home/daasuser/JDBC_Tool/JDBCExtract.scala --configFile /mnt/beegfs_bsl/tools/ExtractTools/CUSTOMER_COMM_INFO_METHOD/config.properties --sqlFile /mnt/beegfs_bsl/tools/ExtractTools/CUSTOMER_COMM_INFO_METHOD/query_template.sql --outputFile /mnt/beegfs_bsl/tools/ExtractTools/CUSTOMER_COMM_INFO_METHOD/tmp/20190721/.20190721_CUSTOMER_COMM_INFO_METHOD.gz --delimiter | --kvTemplate ${DATE}=20190721
mv: cannot move ‘/mnt/beegfs_bsl/tools/ExtractTools/CUSTOMER_COMM_INFO_METHOD/tmp/20190721’ to ‘/mnt/beegfs_bsl/live/DB_extract_lz/CUSTOMER_INFO_COMM_METHOD/incoming/20190721’: File exists
hi
cat: /mnt/beegfs/tools/Crontab/Scripts/email.dat: No such file or directory
rm: cannot remove ‘/mnt/beegfs_bsl/tools/ExtractTools/CODE_G/logs/20190523’: No such file or directory
/nas/share05/tools/ExtractTools/CODE_G/CODE_G.sh: line 16: /mnt/beegfs/tools/Crontab/logs/general_logs/20190722/genral_logs_20190722.log: No such file or directory
CODE_G
hive -hivevar DATA_NAMESPACE=stg_gen -hivevar DATA_PATH=/FlareData/output_8 -f /mnt/beegfs_bsl/Deployment/DEV/output/CODE_G/CODE_G.hql
log4j:WARN No such property [maxFileSize] in org.apache.log4j.DailyRollingFileAppender.

Logging initialized using configuration in file:/etc/hive/2.6.1.0-129/0/hive-log4j.properties
OK
Time taken: 2.554 seconds
OK
Time taken: 0.246 seconds
OK
Time taken: 0.359 seconds
starting command: bash /home/daasuser/JDBC_Tool/JDBCExtract.scala --configFile /nas/share05/tools/ExtractTools/CODE_G/config.properties --sqlFile /nas/share05/tools/ExtractTools/CODE_G/query_template.sql --outputFile /nas/share05/tools/ExtractTools/CODE_G/tmp//20190721/.20190721_CODE_G.gz --delimiter | --kvTemplate ${DATE}=20190721
cat: /mnt/beegfs/tools/Crontab/Scripts/email.dat: No such file or directory
rm: cannot remove ‘/mnt/beegfs_bsl/tools/ExtractTools/CODE_F/logs/20190523’: No such file or directory
/nas/share05/tools/ExtractTools/CODE_F/CODE_F.sh: line 16: /mnt/beegfs/tools/Crontab/logs/general_logs/20190722/genral_logs_20190722.log: No such file or directory
CODE_F
hive -hivevar DATA_NAMESPACE=stg_gen -hivevar DATA_PATH=/FlareData/output_8 -f /mnt/beegfs_bsl/Deployment/DEV/output/CODE_F/CODE_F.hql
log4j:WARN No such property [maxFileSize] in org.apache.log4j.DailyRollingFileAppender.

Logging initialized using configuration in file:/etc/hive/2.6.1.0-129/0/hive-log4j.properties
OK
Time taken: 2.657 seconds
OK
Time taken: 0.46 seconds
OK
Time taken: 0.398 seconds
starting command: bash /home/daasuser/JDBC_Tool/JDBCExtract.scala --configFile /nas/share05/tools/ExtractTools/CODE_F/config.properties --sqlFile /nas/share05/tools/ExtractTools/CODE_F/query_template.sql --outputFile /nas/share05/tools/ExtractTools/CODE_F/tmp//20190721/.20190721_CODE_F.gz --delimiter | --kvTemplate ${DATE}=20190721
