cat: /mnt/beegfs/tools/Crontab/Scripts/email.dat: No such file or directory
rm: cannot remove ‘/mnt/beegfs_bsl/tools/ExtractTools/WSQ_IMAGE/logs/20190530’: No such file or directory
WSQ_IMAGE.sh: line 16: /mnt/beegfs/tools/Crontab/logs/general_logs/20190729/genral_logs_20190729.log: No such file or directory
work on anum: 
starting command: bash /home/daasuser/JDBC_Tool/JDBCExtract.scala --configFile /nas/share05/tools/ExtractTools/WSQ_IMAGE/config.properties --sqlFile /nas/share05/tools/ExtractTools/WSQ_IMAGE/query_template.sql --outputFile /nas/share05/tools/ExtractTools/WSQ_IMAGE/tmp/Omar/20190728/.20190728_WSQ_IMAGE_0.gz --delimiter | --kvTemplate ${MSSDN}=0
work on anum: 
starting command: bash /home/daasuser/JDBC_Tool/JDBCExtract.scala --configFile /nas/share05/tools/ExtractTools/WSQ_IMAGE/config.properties --sqlFile /nas/share05/tools/ExtractTools/WSQ_IMAGE/query_template.sql --outputFile /nas/share05/tools/ExtractTools/WSQ_IMAGE/tmp/Omar/20190728/.20190728_WSQ_IMAGE_1.gz --delimiter | --kvTemplate ${MSSDN}=1
work on anum: 
starting command: bash /home/daasuser/JDBC_Tool/JDBCExtract.scala --configFile /nas/share05/tools/ExtractTools/WSQ_IMAGE/config.properties --sqlFile /nas/share05/tools/ExtractTools/WSQ_IMAGE/query_template.sql --outputFile /nas/share05/tools/ExtractTools/WSQ_IMAGE/tmp/Omar/20190728/.20190728_WSQ_IMAGE_2.gz --delimiter | --kvTemplate ${MSSDN}=2
work on anum: 
starting command: bash /home/daasuser/JDBC_Tool/JDBCExtract.scala --configFile /nas/share05/tools/ExtractTools/WSQ_IMAGE/config.properties --sqlFile /nas/share05/tools/ExtractTools/WSQ_IMAGE/query_template.sql --outputFile /nas/share05/tools/ExtractTools/WSQ_IMAGE/tmp/Omar/20190728/.20190728_WSQ_IMAGE_3.gz --delimiter | --kvTemplate ${MSSDN}=3
work on anum: 
starting command: bash /home/daasuser/JDBC_Tool/JDBCExtract.scala --configFile /nas/share05/tools/ExtractTools/WSQ_IMAGE/config.properties --sqlFile /nas/share05/tools/ExtractTools/WSQ_IMAGE/query_template.sql --outputFile /nas/share05/tools/ExtractTools/WSQ_IMAGE/tmp/Omar/20190728/.20190728_WSQ_IMAGE_4.gz --delimiter | --kvTemplate ${MSSDN}=4
work on anum: 
starting command: bash /home/daasuser/JDBC_Tool/JDBCExtract.scala --configFile /nas/share05/tools/ExtractTools/WSQ_IMAGE/config.properties --sqlFile /nas/share05/tools/ExtractTools/WSQ_IMAGE/query_template.sql --outputFile /nas/share05/tools/ExtractTools/WSQ_IMAGE/tmp/Omar/20190728/.20190728_WSQ_IMAGE_5.gz --delimiter | --kvTemplate ${MSSDN}=5
work on anum: 
starting command: bash /home/daasuser/JDBC_Tool/JDBCExtract.scala --configFile /nas/share05/tools/ExtractTools/WSQ_IMAGE/config.properties --sqlFile /nas/share05/tools/ExtractTools/WSQ_IMAGE/query_template.sql --outputFile /nas/share05/tools/ExtractTools/WSQ_IMAGE/tmp/Omar/20190728/.20190728_WSQ_IMAGE_6.gz --delimiter | --kvTemplate ${MSSDN}=6
work on anum: 
starting command: bash /home/daasuser/JDBC_Tool/JDBCExtract.scala --configFile /nas/share05/tools/ExtractTools/WSQ_IMAGE/config.properties --sqlFile /nas/share05/tools/ExtractTools/WSQ_IMAGE/query_template.sql --outputFile /nas/share05/tools/ExtractTools/WSQ_IMAGE/tmp/Omar/20190728/.20190728_WSQ_IMAGE_7.gz --delimiter | --kvTemplate ${MSSDN}=7
work on anum: 
starting command: bash /home/daasuser/JDBC_Tool/JDBCExtract.scala --configFile /nas/share05/tools/ExtractTools/WSQ_IMAGE/config.properties --sqlFile /nas/share05/tools/ExtractTools/WSQ_IMAGE/query_template.sql --outputFile /nas/share05/tools/ExtractTools/WSQ_IMAGE/tmp/Omar/20190728/.20190728_WSQ_IMAGE_8.gz --delimiter | --kvTemplate ${MSSDN}=8
work on anum: 
starting command: bash /home/daasuser/JDBC_Tool/JDBCExtract.scala --configFile /nas/share05/tools/ExtractTools/WSQ_IMAGE/config.properties --sqlFile /nas/share05/tools/ExtractTools/WSQ_IMAGE/query_template.sql --outputFile /nas/share05/tools/ExtractTools/WSQ_IMAGE/tmp/Omar/20190728/.20190728_WSQ_IMAGE_9.gz --delimiter | --kvTemplate ${MSSDN}=9
cat: /mnt/beegfs_bsl/tools/ExtractTools/WSQ_IMAGE/logs/20190728/*.log: No such file or directory

