java.lang.NoClassDefFoundError: org/apache/kafka/clients/producer/KafkaProducer
	at java.lang.Class.getDeclaredMethods0(Native Method)
	at java.lang.Class.privateGetDeclaredMethods(Class.java:2701)
	at java.lang.Class.privateGetMethodRecursive(Class.java:3048)
	at java.lang.Class.getMethod0(Class.java:3018)
	at java.lang.Class.getMethod(Class.java:1784)
	at scala.reflect.internal.util.ScalaClassLoader$class.run(ScalaClassLoader.scala:66)
	at scala.reflect.internal.util.ScalaClassLoader$URLClassLoader.run(ScalaClassLoader.scala:101)
	at scala.tools.nsc.CommonRunner$class.run(ObjectRunner.scala:22)
	at scala.tools.nsc.ObjectRunner$.run(ObjectRunner.scala:39)
	at scala.tools.nsc.CommonRunner$class.runAndCatch(ObjectRunner.scala:29)
	at scala.tools.nsc.ObjectRunner$.runAndCatch(ObjectRunner.scala:39)
	at scala.tools.nsc.ScriptRunner.scala$tools$nsc$ScriptRunner$$runCompiled(ScriptRunner.scala:175)
	at scala.tools.nsc.ScriptRunner$$anonfun$runScript$1.apply(ScriptRunner.scala:192)
	at scala.tools.nsc.ScriptRunner$$anonfun$runScript$1.apply(ScriptRunner.scala:192)
	at scala.tools.nsc.ScriptRunner$$anonfun$withCompiledScript$1.apply$mcZ$sp(ScriptRunner.scala:157)
	at scala.tools.nsc.ScriptRunner$$anonfun$withCompiledScript$1.apply(ScriptRunner.scala:129)
	at scala.tools.nsc.ScriptRunner$$anonfun$withCompiledScript$1.apply(ScriptRunner.scala:129)
	at scala.tools.nsc.util.package$.trackingThreads(package.scala:43)
	at scala.tools.nsc.util.package$.waitingForThreads(package.scala:27)
	at scala.tools.nsc.ScriptRunner.withCompiledScript(ScriptRunner.scala:128)
	at scala.tools.nsc.ScriptRunner.runScript(ScriptRunner.scala:192)
	at scala.tools.nsc.ScriptRunner.runScriptAndCatch(ScriptRunner.scala:205)
	at scala.tools.nsc.MainGenericRunner.runTarget$1(MainGenericRunner.scala:67)
	at scala.tools.nsc.MainGenericRunner.run$1(MainGenericRunner.scala:87)
	at scala.tools.nsc.MainGenericRunner.process(MainGenericRunner.scala:98)
	at scala.tools.nsc.MainGenericRunner$.main(MainGenericRunner.scala:103)
	at scala.tools.nsc.MainGenericRunner.main(MainGenericRunner.scala)
Caused by: java.lang.ClassNotFoundException: org.apache.kafka.clients.producer.KafkaProducer
	at java.net.URLClassLoader.findClass(URLClassLoader.java:381)
	at java.lang.ClassLoader.loadClass(ClassLoader.java:424)
	at java.lang.ClassLoader.loadClass(ClassLoader.java:357)
	... 27 more
rm: cannot remove ‘/nas/share05/tools/ExtractTools/AGL_CUG_ACCESS_FEE_BASE_VW/logs/20191012’: No such file or directory
starting command: bash /home/daasuser/JDBC_Tool/JDBCExtract.scala --configFile /nas/share05/tools/ExtractTools/AGL_CUG_ACCESS_FEE_BASE_VW/config.properties --sqlFile /nas/share05/tools/ExtractTools/AGL_CUG_ACCESS_FEE_BASE_VW/query_template.sql --outputFile /nas/share05/tools/ExtractTools/AGL_CUG_ACCESS_FEE_BASE_VW/tmp/20191210/.20191210_AGL_CUG_ACCESS_FEE_BASE_VW.gz --delimiter |  --kvTemplate ${DATE}=20191210
log file: /nas/share05/tools/ExtractTools/AGL_CUG_ACCESS_FEE_BASE_VW/logs/20191210/20191210_AGL_CUG_ACCESS_FEE_BASE_VW.log
cat: /mnt/beegfs_bsl/tools/ExtractTools/AGL_CUG_ACCESS_FEE_BASE_VW/logs/20191210/*.log: No such file or directory
